Vivado Simulator v2024.1
Copyright 1986-2022 Xilinx, Inc. All Rights Reserved.
Copyright 2022-2024 Advanced Micro Devices, Inc. All Rights Reserved.
Running: /tools/Xilinx/Vivado/2024.1/bin/unwrapped/lnx64.o/xelab --incr --debug typical --relax --mt 8 -L xil_defaultlib -L unisims_ver -L unimacro_ver -L secureip --snapshot testbench_behav xil_defaultlib.testbench xil_defaultlib.glbl -log elaborate.log 
Using 8 slave threads.
Starting static elaboration
Pass Through NonSizing Optimizer
Completed static elaboration
Starting simulation data flow analysis
WARNING: [XSIM 43-4100] "/home/jorughen/Desktop/basys3/pipelined-arm/ProyectoFinal.sim/sim_1/behav/xsim/glbl.v" Line 6. Module glbl has a timescale but at least one module in design doesn't have timescale.
WARNING: [XSIM 43-4100] "/home/jorughen/Desktop/basys3/pipelined-arm/ProyectoFinal.sim/sim_1/behav/xsim/glbl.v" Line 6. Module glbl has a timescale but at least one module in design doesn't have timescale.
Completed simulation data flow analysis
Time Resolution for simulation is 1ps
Compiling module xil_defaultlib.dff
Compiling module xil_defaultlib.clk_divider_default
Compiling module xil_defaultlib.decode
Compiling module xil_defaultlib.floprc(WIDTH=16)
Compiling module xil_defaultlib.floprc(WIDTH=6)
Compiling module xil_defaultlib.flopenrc(WIDTH=2)
Compiling module xil_defaultlib.condcheck
Compiling module xil_defaultlib.condlogic
Compiling module xil_defaultlib.flopr(WIDTH=5)
Compiling module xil_defaultlib.flopr(WIDTH=4)
Compiling module xil_defaultlib.controller
Compiling module xil_defaultlib.mux2(WIDTH=32)
Compiling module xil_defaultlib.flopenr(WIDTH=32)
Compiling module xil_defaultlib.adder(WIDTH=32)
Compiling module xil_defaultlib.flopenrc(WIDTH=32)
Compiling module xil_defaultlib.mux3(WIDTH=4)
Compiling module xil_defaultlib.regfile
Compiling module xil_defaultlib.extend
Compiling module xil_defaultlib.floprc(WIDTH=32)
Compiling module xil_defaultlib.mux3(WIDTH=32)
Compiling module xil_defaultlib.alu
Compiling module xil_defaultlib.flopr(WIDTH=32)
Compiling module xil_defaultlib.datapath
Compiling module xil_defaultlib.hazard
Compiling module xil_defaultlib.arm
Compiling module xil_defaultlib.imem
Compiling module xil_defaultlib.dmem
Compiling module xil_defaultlib.decoder
Compiling module xil_defaultlib.top
Compiling module xil_defaultlib.testbench
Compiling module xil_defaultlib.glbl
Built simulation snapshot testbench_behav
