#
# An unexpected error has occurred (11)
#
Stack:
/tools/Xilinx/Vivado/2024.1/tps/lnx64/jre21.0.1_12/lib//server/libjvm.so(+0xe4f55c) [0x73aaa1c4f55c]
/tools/Xilinx/Vivado/2024.1/tps/lnx64/jre21.0.1_12/lib//server/libjvm.so(JVM_handle_linux_signal+0x23e) [0x73aaa1c5002e]
/lib/x86_64-linux-gnu/libc.so.6(+0x42520) [0x73aae5442520]
/tools/Xilinx/Vivado/2024.1/lib/lnx64.o/librdi_wavedata.so(+0x28ada5) [0x73aab2e8ada5]
/tools/Xilinx/Vivado/2024.1/lib/lnx64.o/librdi_wavedata.so(SimBridge::DataObjMgr::createDrawingBTree(std::vector<SimBridge::IDataObj const*, std::allocator<SimBridge::IDataObj const*> > const&, ISIM::IGuiStatus*, bool)+0x207) [0x73aab2e8b367]
/tools/Xilinx/Vivado/2024.1/lib/lnx64.o/librdi_wavedata.so(SimBridge::DataReader::getTransitions(SimBridge::IDataObj const*, long long, long long, long long, SimBridge::ValueFormat const&, std::vector<SimBridge::Transition, std::allocator<SimBridge::Transition> >&) const+0x6f) [0x73aab2e965bf]
/tools/Xilinx/Vivado/2024.1/lib/lnx64.o/librdi_wavedata.so(SG_Model::ModelImp::getTransitions(SimBridge::IDataObj const*, SG_Model::IDatabase*, long long, long long, long long, SimBridge::ValueFormat const&, bool, std::vector<SimBridge::Transition, std::allocator<SimBridge::Transition> >&) const+0xbd) [0x73aab2f372dd]
/tools/Xilinx/Vivado/2024.1/lib/lnx64.o/librdi_wavedata.so(SG_Model::Model::getTransitions(SG_Model::WVDataObject const*, long long, long long, long long, SimBridge::ValueFormat const&, bool, std::vector<SimBridge::Transition, std::allocator<SimBridge::Transition> >&) const+0x12c) [0x73aab2f389fc]
/tools/Xilinx/Vivado/2024.1/lib/lnx64.o/librdi_wavedata.so(+0x36876a) [0x73aab2f6876a]
/tools/Xilinx/Vivado/2024.1/lib/lnx64.o/librdi_wavedata.so(SG_Model::WaveformRender::render(SG_Model::WVDataObject const&)+0x294) [0x73aab2f64e04]
/tools/Xilinx/Vivado/2024.1/lib/lnx64.o/librdi_wavedata.so(WaveViewer::WVWaveformPanel::WaveformTraverser::drawWaveform(SG_Model::WVDataObject const*, int, int)+0x38e) [0x73aab2fdface]
/tools/Xilinx/Vivado/2024.1/lib/lnx64.o/librdi_wavedata.so(WaveViewer::WVWaveformPanel::WaveformTraverser::handleItemSize(WaveViewer::WVTreeWVObjectModel::ITraverseHandler::TraverseItem const&)+0x52) [0x73aab2fdfda2]
/tools/Xilinx/Vivado/2024.1/lib/lnx64.o/librdi_wavedata.so(WaveViewer::WVTreeWVObjectModel::traverseYRange(SG_Model::WVDataObject const*, WaveViewer::WVTreeWVObjectModel::ITraverseHandler&, int, int, int&, int&) const+0x234) [0x73aab2fc3204]
/tools/Xilinx/Vivado/2024.1/lib/lnx64.o/librdi_wavedata.so(WaveViewer::WVTreeWVObjectModel::traverseYRange(SG_Model::WVDataObject const*, WaveViewer::WVTreeWVObjectModel::ITraverseHandler&, int, int, int&, int&) const+0x2be) [0x73aab2fc328e]
/tools/Xilinx/Vivado/2024.1/lib/lnx64.o/librdi_wavedata.so(WaveViewer::WVTreeWVObjectModel::traverseYRange(WaveViewer::WVTreeWVObjectModel::ITraverseHandler&, int, int) const+0x57) [0x73aab2fc33c7]
/tools/Xilinx/Vivado/2024.1/lib/lnx64.o/librdi_wavedata.so(WaveViewer::WVWaveformPanel::getGraphics(HDGDStringStream&, long&)+0x3a9) [0x73aab2fdf0c9]
/tools/Xilinx/Vivado/2024.1/lib/lnx64.o/librdi_wavedata.so(WVExecutiveImp::getGraphicsDataSize()+0x9a) [0x73aab2f9b1fa]
/tools/Xilinx/Vivado/2024.1/lib/lnx64.o/librdi_wavedata.so(WVExecutive::getGraphicsDataSize()+0xf) [0x73aab2f9b67f]
/tools/Xilinx/Vivado/2024.1/lib/lnx64.o/librdi_wavedata.so(Java_ui_views_waveform_waveformi_WVExecutive_1getGraphicsDataSize+0x17) [0x73aab2fe78b7]
[0x73aa90b43980]
